0 info it worked if it ends with ok
1 verbose cli [ '/Users/agimenez/.nvm/versions/node/v5.10.1/bin/node',
1 verbose cli   '/Users/agimenez/.nvm/versions/node/v5.10.1/bin/npm',
1 verbose cli   'run',
1 verbose cli   'lint' ]
2 info using npm@3.8.3
3 info using node@v5.10.1
4 verbose run-script [ 'prelint', 'lint', 'postlint' ]
5 info lifecycle dispatch-router@0.0.1~prelint: dispatch-router@0.0.1
6 silly lifecycle dispatch-router@0.0.1~prelint: no script for prelint, continuing
7 info lifecycle dispatch-router@0.0.1~lint: dispatch-router@0.0.1
8 verbose lifecycle dispatch-router@0.0.1~lint: unsafe-perm in lifecycle true
9 verbose lifecycle dispatch-router@0.0.1~lint: PATH: /Users/agimenez/.nvm/versions/node/v5.10.1/lib/node_modules/npm/bin/node-gyp-bin:/Users/agimenez/Desktop/dispatch-router/node_modules/.bin:/Users/agimenez/.nvm/versions/node/v5.10.1/bin:/Users/agimenez/.nvm/versions/node/v5.10.1/bin:/usr/local/bin:/usr/bin:/bin:/usr/sbin:/sbin
10 verbose lifecycle dispatch-router@0.0.1~lint: CWD: /Users/agimenez/Desktop/dispatch-router
11 silly lifecycle dispatch-router@0.0.1~lint: Args: [ '-c', 'eslint .' ]
12 silly lifecycle dispatch-router@0.0.1~lint: Returned: code: 1  signal: null
13 info lifecycle dispatch-router@0.0.1~lint: Failed to exec lint script
14 verbose stack Error: dispatch-router@0.0.1 lint: `eslint .`
14 verbose stack Exit status 1
14 verbose stack     at EventEmitter.<anonymous> (/Users/agimenez/.nvm/versions/node/v5.10.1/lib/node_modules/npm/lib/utils/lifecycle.js:239:16)
14 verbose stack     at emitTwo (events.js:100:13)
14 verbose stack     at EventEmitter.emit (events.js:185:7)
14 verbose stack     at ChildProcess.<anonymous> (/Users/agimenez/.nvm/versions/node/v5.10.1/lib/node_modules/npm/lib/utils/spawn.js:24:14)
14 verbose stack     at emitTwo (events.js:100:13)
14 verbose stack     at ChildProcess.emit (events.js:185:7)
14 verbose stack     at maybeClose (internal/child_process.js:850:16)
14 verbose stack     at Process.ChildProcess._handle.onexit (internal/child_process.js:215:5)
15 verbose pkgid dispatch-router@0.0.1
16 verbose cwd /Users/agimenez/Desktop/dispatch-router
17 error Darwin 15.4.0
18 error argv "/Users/agimenez/.nvm/versions/node/v5.10.1/bin/node" "/Users/agimenez/.nvm/versions/node/v5.10.1/bin/npm" "run" "lint"
19 error node v5.10.1
20 error npm  v3.8.3
21 error code ELIFECYCLE
22 error dispatch-router@0.0.1 lint: `eslint .`
22 error Exit status 1
23 error Failed at the dispatch-router@0.0.1 lint script 'eslint .'.
23 error Make sure you have the latest version of node.js and npm installed.
23 error If you do, this is most likely a problem with the dispatch-router package,
23 error not with npm itself.
23 error Tell the author that this fails on your system:
23 error     eslint .
23 error You can get information on how to open an issue for this project with:
23 error     npm bugs dispatch-router
23 error Or if that isn't available, you can get their info via:
23 error     npm owner ls dispatch-router
23 error There is likely additional logging output above.
24 verbose exit [ 1, true ]
